2024-09-30 21:19:15,450 INFO  [E-CommerceAutomationProject] - Login is successfully
2024-09-30 21:23:10,430 ERROR [E-CommerceAutomationProject] - login is failed
2024-10-01 17:19:23,902 ERROR [E-CommerceAutomationProject] - login is failed
2024-10-01 19:23:03,271 INFO  [E-CommerceAutomationProject] - URL is opened
2024-10-01 19:47:33,110 INFO  [E-CommerceAutomationProject] - URL is opened
2024-10-01 20:01:01,973 INFO  [E-CommerceAutomationProject] - URL is opened
2024-10-01 20:02:34,547 ERROR [E-CommerceAutomationProject] - login is failed
2024-10-01 20:09:31,882 INFO  [E-CommerceAutomationProject] - URL is opened
2024-10-01 20:11:02,617 ERROR [E-CommerceAutomationProject] - login is failed
2024-10-01 20:12:57,224 INFO  [E-CommerceAutomationProject] - URL is opened
2024-10-01 20:13:50,983 ERROR [E-CommerceAutomationProject] - login is failed
2024-10-01 20:16:32,856 INFO  [E-CommerceAutomationProject] - URL is opened
2024-10-01 20:18:14,926 ERROR [E-CommerceAutomationProject] - login is failed
2024-10-01 20:21:20,842 INFO  [E-CommerceAutomationProject] - URL is opened
2024-10-01 20:21:48,387 ERROR [E-CommerceAutomationProject] - login is failed
2024-10-01 21:37:34,447 INFO  [E-CommerceAutomationProject] - URL is opened
2024-10-01 21:39:28,939 INFO  [E-CommerceAutomationProject] - Login is successfully
2024-10-01 21:43:32,956 INFO  [E-CommerceAutomationProject] - URL is opened
2024-10-01 21:47:07,092 INFO  [E-CommerceAutomationProject] - URL is opened
2024-10-03 20:55:37,287 INFO  [E-CommerceAutomationProject] - URL is opened
2024-10-03 20:56:57,630 ERROR [E-CommerceAutomationProject] - login is failed
2024-10-03 21:03:27,090 INFO  [E-CommerceAutomationProject] - URL is opened
2024-10-03 21:04:38,335 ERROR [E-CommerceAutomationProject] - login is failed
2024-10-03 21:17:52,928 INFO  [E-CommerceAutomationProject] - URL is opened
2024-10-03 21:18:59,777 ERROR [E-CommerceAutomationProject] - login is failed
2024-10-04 10:13:21,779 INFO  [E-CommerceAutomationProject] - URL is opened
2024-10-04 10:14:19,254 ERROR [E-CommerceAutomationProject] - login is failed
2024-10-04 21:44:10,631 INFO  [E-CommerceAutomationProject] - URL is opened
2024-10-04 21:46:12,449 ERROR [E-CommerceAutomationProject] - login is failed
2024-10-05 15:03:03,025 INFO  [E-CommerceAutomationProject] - URL is opened
2024-10-05 15:07:53,735 INFO  [E-CommerceAutomationProject] - Login is successfully
2024-10-06 15:31:30,727 INFO  [E-CommerceAutomationProject] - URL is opened
2024-10-06 15:33:28,599 ERROR [E-CommerceAutomationProject] - login is failed
2024-10-06 15:53:16,563 INFO  [E-CommerceAutomationProject] - URL is opened
2024-10-06 16:08:33,645 INFO  [E-CommerceAutomationProject] - URL is opened
2024-10-06 16:08:45,869 INFO  [E-CommerceAutomationProject] - Login is successfully
2024-10-06 16:10:42,622 INFO  [E-CommerceAutomationProject] - URL is opened
2024-10-06 16:10:59,776 ERROR [E-CommerceAutomationProject] - login is failed
2024-10-06 16:17:07,826 INFO  [E-CommerceAutomationProject] - URL is opened
2024-10-06 16:17:16,713 ERROR [E-CommerceAutomationProject] - login is failed
2024-10-06 16:23:55,896 INFO  [E-CommerceAutomationProject] - URL is opened
2024-10-06 16:24:13,542 ERROR [E-CommerceAutomationProject] - login is failed
2024-10-06 16:47:02,639 INFO  [E-CommerceAutomationProject] - URL is opened
2024-10-06 16:47:15,407 ERROR [E-CommerceAutomationProject] - login is failed
2024-10-06 17:07:08,535 INFO  [E-CommerceAutomationProject] - URL is opened
2024-10-06 17:07:29,740 ERROR [E-CommerceAutomationProject] - login is failed
2024-10-06 18:02:14,952 INFO  [E-CommerceAutomationProject] - URL is opened
2024-10-06 18:02:42,012 ERROR [E-CommerceAutomationProject] - login is failed
2024-10-06 18:41:07,808 INFO  [E-CommerceAutomationProject] - URL is opened
2024-10-06 18:41:08,481 ERROR [E-CommerceAutomationProject] - login is failed
2024-10-06 18:47:43,111 INFO  [E-CommerceAutomationProject] - URL is opened
2024-10-06 18:47:43,945 ERROR [E-CommerceAutomationProject] - login is failed
2024-10-06 19:55:35,848 INFO  [E-CommerceAutomationProject] - URL is opened
2024-10-06 19:57:16,513 INFO  [E-CommerceAutomationProject] - URL is opened
2024-10-06 19:57:17,300 ERROR [E-CommerceAutomationProject] - login is failed
2024-10-06 20:10:21,833 INFO  [E-CommerceAutomationProject] - URL is opened
2024-10-06 20:10:39,444 ERROR [E-CommerceAutomationProject] - login is failed
2024-10-08 10:15:29,460 INFO  [E-CommerceAutomationProject] - URL is opened
2024-10-08 10:16:22,387 ERROR [E-CommerceAutomationProject] - login is failed
2024-10-08 10:24:25,930 INFO  [E-CommerceAutomationProject] - URL is opened
2024-10-08 10:25:15,412 ERROR [E-CommerceAutomationProject] - login is failed
2024-10-08 10:26:08,490 INFO  [E-CommerceAutomationProject] - rtyr
2024-10-08 10:26:08,528 INFO  [E-CommerceAutomationProject] - rtyr
2024-10-08 10:26:08,531 INFO  [E-CommerceAutomationProject] - rtyr
2024-10-08 10:26:08,535 INFO  [E-CommerceAutomationProject] - rtyr
2024-10-08 18:02:05,839 INFO  [E-CommerceAutomationProject] - rtyr
2024-10-08 18:02:06,324 INFO  [E-CommerceAutomationProject] - rtyr
2024-10-08 18:02:06,329 INFO  [E-CommerceAutomationProject] - rtyr
2024-10-08 18:02:06,331 INFO  [E-CommerceAutomationProject] - rtyr
2024-10-08 18:07:27,135 INFO  [E-CommerceAutomationProject] - URL is opened
2024-10-08 18:08:49,816 ERROR [E-CommerceAutomationProject] - login is failed
2024-10-08 18:09:40,699 INFO  [E-CommerceAutomationProject] - rtyr
2024-10-08 18:09:40,704 INFO  [E-CommerceAutomationProject] - rtyr
2024-10-08 18:09:40,708 INFO  [E-CommerceAutomationProject] - rtyr
2024-10-08 18:09:40,710 INFO  [E-CommerceAutomationProject] - rtyr
2024-10-08 18:43:06,756 INFO  [E-CommerceAutomationProject] - URL is opened
2024-10-08 18:43:42,107 ERROR [E-CommerceAutomationProject] - login is failed
2024-10-08 18:56:14,575 INFO  [E-CommerceAutomationProject] - URL is opened
2024-10-08 18:56:36,113 ERROR [E-CommerceAutomationProject] - login is failed
2024-10-08 19:01:45,555 INFO  [E-CommerceAutomationProject] - URL is opened
2024-10-08 19:02:40,486 ERROR [E-CommerceAutomationProject] - login is failed
2024-10-08 19:04:51,610 INFO  [E-CommerceAutomationProject] - URL is opened
2024-10-08 19:05:31,357 ERROR [E-CommerceAutomationProject] - login is failed
2024-10-08 19:07:03,297 INFO  [E-CommerceAutomationProject] - URL is opened
2024-10-08 19:07:40,982 ERROR [E-CommerceAutomationProject] - login is failed
2024-10-08 20:13:04,940 INFO  [E-CommerceAutomationProject] - URL is opened
2024-10-08 20:14:10,152 ERROR [E-CommerceAutomationProject] - login is failed
2024-10-08 20:17:25,036 INFO  [E-CommerceAutomationProject] - URL is opened
2024-10-08 20:18:29,526 ERROR [E-CommerceAutomationProject] - login is failed
2024-10-08 20:21:24,183 INFO  [E-CommerceAutomationProject] - URL is opened
2024-10-08 21:03:10,681 INFO  [E-CommerceAutomationProject] - URL is opened
2024-10-08 21:03:28,513 ERROR [E-CommerceAutomationProject] - login is failed
2024-10-08 21:03:59,141 INFO  [E-CommerceAutomationProject] - rtyr
2024-10-08 21:03:59,141 INFO  [E-CommerceAutomationProject] - rtyr
2024-10-08 21:03:59,141 INFO  [E-CommerceAutomationProject] - rtyr
2024-10-08 21:03:59,157 INFO  [E-CommerceAutomationProject] - rtyr
2024-10-08 22:18:25,016 INFO  [E-CommerceAutomationProject] - URL is opened
2024-10-08 22:22:13,725 INFO  [E-CommerceAutomationProject] - rtyr
2024-10-08 22:22:13,745 INFO  [E-CommerceAutomationProject] - rtyr
2024-10-08 22:22:13,750 INFO  [E-CommerceAutomationProject] - rtyr
2024-10-08 22:22:13,753 INFO  [E-CommerceAutomationProject] - rtyr
2024-10-09 21:28:37,067 INFO  [E-CommerceAutomationProject] - URL is opened
2024-10-09 21:38:03,551 INFO  [E-CommerceAutomationProject] - URL is opened
2024-10-09 21:49:45,013 INFO  [E-CommerceAutomationProject] - URL is opened
2024-10-09 22:08:04,193 INFO  [E-CommerceAutomationProject] - URL is opened
2024-10-09 22:12:14,456 INFO  [E-CommerceAutomationProject] - URL is opened
2024-10-09 22:24:17,847 INFO  [E-CommerceAutomationProject] - URL is opened
2024-10-09 22:39:16,245 INFO  [E-CommerceAutomationProject] - URL is opened
2024-10-09 22:44:34,211 INFO  [E-CommerceAutomationProject] - URL is opened
2024-10-10 09:40:10,646 INFO  [E-CommerceAutomationProject] - URL is opened
2024-10-10 09:49:22,843 INFO  [E-CommerceAutomationProject] - URL is opened
2024-10-10 09:49:51,088 INFO  [E-CommerceAutomationProject] - signin button is clicked
2024-10-10 09:51:02,744 ERROR [E-CommerceAutomationProject] - login test is failed
2024-10-10 09:59:43,481 INFO  [E-CommerceAutomationProject] - URL is opened
2024-10-10 10:00:17,766 INFO  [E-CommerceAutomationProject] - signin button is clicked
2024-10-10 10:00:33,034 INFO  [E-CommerceAutomationProject] - Login is successfully
2024-10-10 10:10:55,010 INFO  [E-CommerceAutomationProject] - URL is opened
2024-10-10 10:12:19,635 INFO  [E-CommerceAutomationProject] - signin button is clicked
2024-10-10 10:15:04,498 INFO  [E-CommerceAutomationProject] - Login is successfully
2024-10-10 10:26:27,085 INFO  [E-CommerceAutomationProject] - URL is opened
2024-10-10 10:26:52,452 INFO  [E-CommerceAutomationProject] - signin button is clicked
2024-10-10 10:27:09,097 INFO  [E-CommerceAutomationProject] - Login is successfully
2024-10-10 13:57:30,897 INFO  [E-CommerceAutomationProject] - sigin button is clicked
2024-10-10 13:58:48,297 WARN  [E-CommerceAutomationProject] - email or ohone number is wrong
2024-10-10 14:04:47,307 INFO  [E-CommerceAutomationProject] - sigin button is clicked
2024-10-10 14:06:03,970 WARN  [E-CommerceAutomationProject] - email or ohone number is wrong
2024-10-10 14:16:51,020 INFO  [E-CommerceAutomationProject] - sigin button is clicked
2024-10-10 14:18:07,634 WARN  [E-CommerceAutomationProject] - email or ohone number is wrong
2024-10-10 20:13:38,849 INFO  [E-CommerceAutomationProject] - sigin button is clicked
2024-10-10 20:14:06,641 WARN  [E-CommerceAutomationProject] - email or ohone number is wrong
2024-10-10 21:19:15,713 INFO  [E-CommerceAutomationProject] - sigin button is clicked
2024-10-10 21:46:34,515 INFO  [E-CommerceAutomationProject] - sigin button is clicked
2024-10-10 21:51:12,188 INFO  [E-CommerceAutomationProject] - sigin button is clicked
2024-10-10 21:52:42,989 INFO  [E-CommerceAutomationProject] - sigin button is clicked
2024-10-10 21:53:45,394 INFO  [E-CommerceAutomationProject] - sigin button is clicked
2024-10-10 21:54:38,771 INFO  [E-CommerceAutomationProject] - sigin button is clicked
2024-10-11 19:10:10,719 INFO  [E-CommerceAutomationProject] - url is open
2024-10-11 19:13:48,698 INFO  [E-CommerceAutomationProject] - sigin button is clicked
2024-10-11 19:16:39,054 INFO  [E-CommerceAutomationProject] - sigin button is clicked
2024-10-11 19:21:33,519 INFO  [E-CommerceAutomationProject] - url is open
2024-10-11 19:23:32,350 INFO  [E-CommerceAutomationProject] - sigin button is clicked
2024-10-11 19:24:47,949 WARN  [E-CommerceAutomationProject] - login is faild for wrong user name
2024-10-11 19:25:35,710 INFO  [E-CommerceAutomationProject] - sigin button is clicked
2024-10-11 19:26:51,228 WARN  [E-CommerceAutomationProject] - login is faild for wrong user name
2024-10-12 17:37:04,763 INFO  [E-CommerceAutomationProject] - url is open
2024-10-12 17:37:04,883 INFO  [E-CommerceAutomationProject] - URL is opened....
2024-10-12 17:38:01,621 INFO  [E-CommerceAutomationProject] - url is open
2024-10-12 17:39:44,702 INFO  [E-CommerceAutomationProject] - sigin button is clicked
2024-10-12 17:39:54,969 INFO  [E-CommerceAutomationProject] - sigin submit button is clicked
2024-10-12 17:40:19,920 INFO  [E-CommerceAutomationProject] - Login is successfull
2024-10-12 17:40:26,168 INFO  [E-CommerceAutomationProject] - sinout is successfull
2024-10-12 17:40:59,286 INFO  [E-CommerceAutomationProject] - sigin button is clicked
2024-10-12 17:42:22,330 WARN  [E-CommerceAutomationProject] - login is faild for wrong user name
2024-10-12 17:42:45,171 INFO  [E-CommerceAutomationProject] - sigin button is clicked
2024-10-12 17:42:50,760 INFO  [E-CommerceAutomationProject] - sigin submit button is clicked
2024-10-12 17:43:05,496 INFO  [E-CommerceAutomationProject] - Login is successfull
2024-10-12 17:43:13,979 INFO  [E-CommerceAutomationProject] - sinout is successfull
2024-10-12 17:43:29,936 INFO  [E-CommerceAutomationProject] - sigin button is clicked
2024-10-12 17:44:46,336 WARN  [E-CommerceAutomationProject] - login is faild for wrong user name
2024-10-12 17:57:38,748 INFO  [E-CommerceAutomationProject] - url is open
2024-10-12 17:57:38,780 INFO  [E-CommerceAutomationProject] - URL is opened....
2024-10-12 17:57:52,979 INFO  [E-CommerceAutomationProject] - url is open
2024-10-12 18:05:03,028 INFO  [E-CommerceAutomationProject] - url is open
2024-10-12 18:05:03,088 INFO  [E-CommerceAutomationProject] - URL is opened....
2024-10-12 18:05:36,808 INFO  [E-CommerceAutomationProject] - url is open
2024-10-12 18:44:38,891 INFO  [E-CommerceAutomationProject] - url is open
2024-10-12 18:44:39,452 INFO  [E-CommerceAutomationProject] - URL is opened....
2024-10-12 20:51:31,334 INFO  [E-CommerceAutomationProject] - url is open
2024-10-12 20:51:31,755 INFO  [E-CommerceAutomationProject] - URL is opened....
2024-10-12 20:53:43,986 INFO  [E-CommerceAutomationProject] - url is open
2024-10-12 20:53:44,170 INFO  [E-CommerceAutomationProject] - URL is opened....
2024-10-12 21:02:49,557 INFO  [E-CommerceAutomationProject] - URL is opened....
2024-10-12 21:04:24,311 INFO  [E-CommerceAutomationProject] - sigin button is clicked
2024-10-12 21:04:29,040 INFO  [E-CommerceAutomationProject] - sigin submit button is clicked
2024-10-12 21:04:52,816 INFO  [E-CommerceAutomationProject] - Login is successfull
2024-10-12 21:05:05,591 INFO  [E-CommerceAutomationProject] - sinout is successfull
2024-10-12 21:05:33,910 INFO  [E-CommerceAutomationProject] - sigin button is clicked
2024-10-12 21:07:14,932 WARN  [E-CommerceAutomationProject] - login is faild for wrong user name
2024-10-12 21:07:23,791 INFO  [E-CommerceAutomationProject] - sigin button is clicked
2024-10-12 21:07:28,051 INFO  [E-CommerceAutomationProject] - sigin submit button is clicked
2024-10-12 21:07:44,744 INFO  [E-CommerceAutomationProject] - Login is successfull
2024-10-12 21:07:52,539 INFO  [E-CommerceAutomationProject] - sinout is successfull
2024-10-12 21:08:39,968 INFO  [E-CommerceAutomationProject] - sigin button is clicked
2024-10-13 20:14:06,391 INFO  [E-CommerceAutomationProject] - URL is opened....
2024-10-14 17:19:45,326 INFO  [E-CommerceAutomationProject] - URL is opened....
2024-10-14 17:22:46,518 INFO  [E-CommerceAutomationProject] - sigin button is clicked
2024-10-14 17:22:50,920 INFO  [E-CommerceAutomationProject] - sigin submit button is clicked
2024-10-14 17:23:23,450 ERROR [E-CommerceAutomationProject] - some think wrong in login
2024-10-14 17:34:20,421 INFO  [E-CommerceAutomationProject] - URL is opened....
2024-10-14 18:28:19,533 INFO  [E-CommerceAutomationProject] - URL is opened....
2024-10-14 18:33:26,576 INFO  [E-CommerceAutomationProject] - URL is opened....
2024-10-14 18:36:48,413 INFO  [E-CommerceAutomationProject] - URL is opened....
2024-10-14 18:39:59,056 INFO  [E-CommerceAutomationProject] - URL is opened....
2024-10-14 19:54:59,186 INFO  [E-CommerceAutomationProject] - URL is opened....
2024-10-14 19:55:14,554 INFO  [E-CommerceAutomationProject] - account button is hovered
2024-10-14 19:58:41,459 INFO  [E-CommerceAutomationProject] - URL is opened....
2024-10-14 19:59:00,325 INFO  [E-CommerceAutomationProject] - account button is hovered
2024-10-14 19:59:24,737 INFO  [E-CommerceAutomationProject] - sigin button clicked
2024-10-14 19:59:31,096 INFO  [E-CommerceAutomationProject] - user name is entered
2024-10-14 19:59:40,692 INFO  [E-CommerceAutomationProject] - password is entered
2024-10-14 19:59:41,169 INFO  [E-CommerceAutomationProject] - signin submit button is clicked
2024-10-14 20:00:22,306 ERROR [E-CommerceAutomationProject] - login test is failed
2024-10-14 20:37:41,141 INFO  [E-CommerceAutomationProject] - URL is opened....
2024-10-14 20:37:43,639 INFO  [E-CommerceAutomationProject] - account button is hovered
2024-10-14 20:37:53,224 INFO  [E-CommerceAutomationProject] - sigin button clicked
2024-10-14 20:37:55,276 INFO  [E-CommerceAutomationProject] - user name is entered
2024-10-14 20:37:59,731 INFO  [E-CommerceAutomationProject] - password is entered
2024-10-14 20:38:00,026 INFO  [E-CommerceAutomationProject] - signin submit button is clicked
2024-10-14 20:38:13,368 ERROR [E-CommerceAutomationProject] - login test is failed
2024-10-14 20:40:52,945 INFO  [E-CommerceAutomationProject] - URL is opened....
2024-10-14 20:40:57,174 INFO  [E-CommerceAutomationProject] - account button is hovered
2024-10-14 20:42:26,034 INFO  [E-CommerceAutomationProject] - URL is opened....
2024-10-14 20:44:14,397 INFO  [E-CommerceAutomationProject] - account button is hovered
2024-10-14 20:47:22,635 INFO  [E-CommerceAutomationProject] - URL is opened....
2024-10-14 20:47:23,919 INFO  [E-CommerceAutomationProject] - account button is hovered
2024-10-14 20:47:54,079 INFO  [E-CommerceAutomationProject] - sigin button clicked
2024-10-14 20:47:54,498 INFO  [E-CommerceAutomationProject] - user name is entered
2024-10-14 20:48:47,644 INFO  [E-CommerceAutomationProject] - password is entered
2024-10-14 20:48:47,924 INFO  [E-CommerceAutomationProject] - signin submit button is clicked
2024-10-14 21:08:31,014 INFO  [E-CommerceAutomationProject] - URL is opened....
2024-10-14 21:08:32,229 INFO  [E-CommerceAutomationProject] - account button is hovered
2024-10-14 21:09:08,336 INFO  [E-CommerceAutomationProject] - sigin button clicked
2024-10-14 21:09:09,073 INFO  [E-CommerceAutomationProject] - user name is entered
2024-10-14 21:09:13,449 INFO  [E-CommerceAutomationProject] - password is entered
2024-10-14 21:09:13,651 INFO  [E-CommerceAutomationProject] - signin submit button is clicked
2024-10-14 21:10:47,261 ERROR [E-CommerceAutomationProject] - login test is failed
2024-10-15 17:28:28,972 INFO  [E-CommerceAutomationProject] - URL is opened....
2024-10-15 17:28:31,441 INFO  [E-CommerceAutomationProject] - account button is hovered
2024-10-15 17:28:39,759 INFO  [E-CommerceAutomationProject] - sigin button clicked
2024-10-15 17:28:40,683 INFO  [E-CommerceAutomationProject] - user name is entered
2024-10-15 17:28:44,246 INFO  [E-CommerceAutomationProject] - password is entered
2024-10-15 17:28:44,542 INFO  [E-CommerceAutomationProject] - signin submit button is clicked
2024-10-15 17:29:06,926 ERROR [E-CommerceAutomationProject] - login test is failed
2024-10-15 17:39:16,000 INFO  [E-CommerceAutomationProject] - URL is opened....
2024-10-15 17:39:18,473 INFO  [E-CommerceAutomationProject] - account button is hovered
2024-10-15 17:39:29,123 INFO  [E-CommerceAutomationProject] - sigin button clicked
2024-10-15 17:39:30,905 INFO  [E-CommerceAutomationProject] - user name is entered
2024-10-15 18:05:43,981 INFO  [E-CommerceAutomationProject] - URL is opened....
2024-10-15 18:06:01,815 INFO  [E-CommerceAutomationProject] - account button is hovered
2024-10-15 18:19:01,850 INFO  [E-CommerceAutomationProject] - URL is opened....
2024-10-15 18:19:07,536 INFO  [E-CommerceAutomationProject] - account button is hovered
2024-10-15 18:19:32,642 INFO  [E-CommerceAutomationProject] - sigin button clicked
2024-10-15 18:19:33,201 INFO  [E-CommerceAutomationProject] - user name is entered
2024-10-15 18:19:53,563 INFO  [E-CommerceAutomationProject] - password is entered
2024-10-15 18:21:10,651 INFO  [E-CommerceAutomationProject] - signin submit button is clicked
2024-10-15 18:21:11,134 ERROR [E-CommerceAutomationProject] - login test is failed
